13040
6411
34719
46469
3747
35068
14414
75203
39290
29584
27759
6691
42288
77651
23339
9814
26308
66725
7516
28593
10205
72878
48778
19835
51138
19131
44880
72845
40315
12089
17433
36070
67450
8175
68277
65364
53306
51535
46714
4954
5410
63518
62194
28169
26987
36595
36318
11484
57551
23677
77657
54649
30960
71553
40883
22146
3302
14785
49652
67792
39921
70509
222
57557
158
10366
9127
54827
14536
48847
67954
72375
49440
49185
17247
55289
55550
30467
61764
32580
19806
77001
18459
14445
25436
52901
6454
54584
21155
30626
18376
22989
26912
41602
67002
27506
51148
39250
60055
35177
